<?xml version="1.0" encoding="UTF-8"?>
<!-- Generated by org.testng.reporters.JUnitXMLReporter -->
<testsuite ignored="0" hostname="edulab3" failures="1" tests="4" name="Test" time="0.157" errors="0" timestamp="2023-06-10T16:54:30 IST">
  <testcase classname="com.Testng.TestNG" name="@BeforeMethod setUp" time="0.085">
    <failure type="java.lang.NoClassDefFoundError" message="com/google/common/io/ByteStreams">
      <![CDATA[java.lang.NoClassDefFoundError: com/google/common/io/ByteStreams
at org.openqa.selenium.remote.service.DriverService$Builder.getLogOutput(DriverService.java:471)
at org.openqa.selenium.chrome.ChromeDriverService$Builder.createDriverService(ChromeDriverService.java:417)
at org.openqa.selenium.chrome.ChromeDriverService$Builder.createDriverService(ChromeDriverService.java:197)
at org.openqa.selenium.remote.service.DriverService$Builder.build(DriverService.java:507)
at org.openqa.selenium.chrome.ChromeDriverService.createDefaultService(ChromeDriverService.java:166)
at org.openqa.selenium.chrome.ChromeDriver.<init>(ChromeDriver.java:50)
at com.Testng.TestNG.setUp(TestNG.java:20)
at java.base/java.util.ArrayList.forEach(ArrayList.java:1511)
Caused by: java.lang.ClassNotFoundException: com.google.common.io.ByteStreams
at java.base/jdk.internal.loader.BuiltinClassLoader.loadClass(BuiltinClassLoader.java:641)
at java.base/jdk.internal.loader.ClassLoaders$AppClassLoader.loadClass(ClassLoaders.java:188)
at java.base/java.lang.ClassLoader.loadClass(ClassLoader.java:520)
... 39 more
... Removed 31 stack frames]]>
    </failure>
  </testcase> <!-- @BeforeMethod setUp -->
  <testcase classname="com.Testng.TestNG" name="@AfterMethod after" time="-1.68639627031E9">
    <skipped/>
  </testcase> <!-- @AfterMethod after -->
  <testcase classname="com.Testng.TestNG" name="testmethod" time="0.0">
    <skipped/>
  </testcase> <!-- testmethod -->
  <testcase classname="com.Testng.TestNGAnoonationFlow" name="e" time="0.001"/>
  <testcase classname="com.Testng.TestNGAnoonationFlow" name="ee" time="0.0"/>
  <testcase classname="com.Testng.TestClass" name="fun" time="0.004">
    <failure type="java.lang.NoClassDefFoundError" message="com/google/common/io/ByteStreams">
      <![CDATA[java.lang.NoClassDefFoundError: com/google/common/io/ByteStreams
at org.openqa.selenium.remote.service.DriverService$Builder.getLogOutput(DriverService.java:471)
at org.openqa.selenium.chrome.ChromeDriverService$Builder.createDriverService(ChromeDriverService.java:417)
at org.openqa.selenium.chrome.ChromeDriverService$Builder.createDriverService(ChromeDriverService.java:197)
at org.openqa.selenium.remote.service.DriverService$Builder.build(DriverService.java:507)
at org.openqa.selenium.chrome.ChromeDriverService.createDefaultService(ChromeDriverService.java:166)
at org.openqa.selenium.chrome.ChromeDriver.<init>(ChromeDriver.java:50)
at com.Testng.TestClass.fun(TestClass.java:16)
at java.base/java.util.ArrayList.forEach(ArrayList.java:1511)
Caused by: java.lang.ClassNotFoundException: com.google.common.io.ByteStreams
... 35 more
... Removed 27 stack frames]]>
    </failure>
  </testcase> <!-- fun -->
</testsuite> <!-- Test -->
